<?xml version="1.0" encoding="UTF-8"?>
<!-- Generated by org.testng.reporters.JUnitXMLReporter -->
<testsuite hostname="hp-PC" ignored="0" name="Test" tests="3" failures="1" timestamp="2019-11-17T12:21:26 IST" time="27.369" errors="0">
  <testcase name="CheckTitle" time="0.081" classname="Learning.ArchitectureRun"/>
  <testcase name="CheckUrl" time="0.045" classname="Learning.ArchitectureRun">
    <failure type="java.lang.AssertionError" message="expected [http://techcanvass.com/Contact-Techcanvass.aspx] but found [https://techcanvass.com/Contact-Techcanvass.aspx]">
      <![CDATA[java.lang.AssertionError: expected [http://techcanvass.com/Contact-Techcanvass.aspx] but found [https://techcanvass.com/Contact-Techcanvass.aspx]
at Learning.ArchitectureRun.CheckUrl(ArchitectureRun.java:23)
at java.util.ArrayList.forEach(ArrayList.java:1257)
... Removed 32 stack frames]]>
    </failure>
  </testcase> <!-- CheckUrl -->
  <testcase name="FormFilling" time="1.874" classname="Learning.ArchitectureRun"/>
</testsuite> <!-- Test -->
